<?xml version="1.0" encoding="UTF-8"?>
<!-- Generated by org.testng.reporters.JUnitXMLReporter -->
<testsuite ignored="1" hostname="DESKTOP-Q4ERL38" failures="2" tests="13" name="Test(failed)(failed)" time="3.091" errors="0" timestamp="2022-04-24T23:20:11 IST">
  <testcase classname="com.practisePackage.TestNGKeywords" name="Test1" time="0.006"/>
  <testcase classname="com.practisePackage.TestNG1" name="method2" time="0.004">
    <failure type="java.lang.AssertionError" message="Test Case-1 is Failed expected [Abc] but found [http://www.Facebook.com]">
      <![CDATA[java.lang.AssertionError: Test Case-1 is Failed expected [Abc] but found [http://www.Facebook.com]
at com.practisePackage.TestNG1.method2(TestNG1.java:22)
at java.base/java.util.concurrent.ThreadPoolExecutor.runWorker(ThreadPoolExecutor.java:1136)
at java.base/java.util.concurrent.ThreadPoolExecutor$Worker.run(ThreadPoolExecutor.java:635)
at java.base/java.lang.Thread.run(Thread.java:833)
... Removed 17 stack frames]]>
    </failure>
  </testcase> <!-- method2 -->
  <testcase classname="com.practisePackage.TestNGKeywords" name="Test1" time="0.001"/>
  <testcase classname="com.practisePackage.TestNG1" name="method4" time="0.002"/>
  <testcase classname="com.practisePackage.TestNGKeywords" name="Test10" time="3.011">
    <failure type="org.testng.internal.thread.ThreadTimeoutException" message="Method com.practisePackage.TestNGKeywords.Test10() didn&amp;apos;t finish within the time-out 3000">
      <![CDATA[org.testng.internal.thread.ThreadTimeoutException: Method com.practisePackage.TestNGKeywords.Test10() didn't finish within the time-out 3000
at java.base/java.util.concurrent.ThreadPoolExecutor.runWorker(ThreadPoolExecutor.java:1136)
at java.base/java.util.concurrent.ThreadPoolExecutor$Worker.run(ThreadPoolExecutor.java:635)
at java.base/java.lang.Thread.run(Thread.java:833)
... Removed 9 stack frames]]>
    </failure>
  </testcase> <!-- Test10 -->
  <testcase classname="com.practisePackage.TestNGKeywords" name="Test5" time="0.001"/>
  <testcase classname="com.practisePackage.TestNGKeywords" name="Test6" time="0.001"/>
  <testcase classname="com.practisePackage.TestNGKeywords" name="Test8" time="0.001"/>
  <testcase classname="com.practisePackage.TestNGKeywords" name="Test2" time="0.001"/>
  <testcase classname="com.practisePackage.TestNGKeywords" name="Test4" time="0.002"/>
  <testcase classname="com.practisePackage.TestNGKeywords" name="Test4" time="0.001"/>
  <testcase classname="com.practisePackage.TestNGKeywords" name="Test7" time="0.002"/>
  <testcase classname="com.practisePackage.TestNGKeywords" name="Test9" time="0.0">
    <skipped/>
  </testcase> <!-- Test9 -->
  <testcase classname="com.practisePackage.TestNGKeywords" name="Test3" time="0.0">
    <ignored/>
  </testcase> <!-- Test3 -->
</testsuite> <!-- Test(failed)(failed) -->
